<?xml version="1.0" encoding="UTF-8"?>
<testng-results ignored="0" total="3" passed="3" failed="0" skipped="0">
  <reporter-output>
  </reporter-output>
  <suite started-at="2021-10-07T20:21:57 IST" name="Suite" finished-at="2021-10-07T20:22:50 IST" duration-ms="53367">
    <groups>
      <group name="cucumber">
        <method signature="AbstractTestNGCucumberTests.runScenario(io.cucumber.testng.PickleWrapper,io.cucumber.testng.FeatureWrapper)[pri:0, instance:MyRunner.TestRunner@4d02f94e]" name="runScenario" class="io.cucumber.testng.AbstractTestNGCucumberTests"/>
      </group> <!-- cucumber -->
    </groups>
    <test started-at="2021-10-07T20:21:57 IST" name="Test" finished-at="2021-10-07T20:22:50 IST" duration-ms="53367">
      <class name="MyRunner.TestRunner">
        <test-method is-config="true" signature="setUpClass()[pri:0, instance:MyRunner.TestRunner@4d02f94e]" started-at="2021-10-07T20:21:57 IST" name="setUpClass" finished-at="2021-10-07T20:21:57 IST" duration-ms="516" status="PASS">
          <reporter-output>
          </reporter-output>
        </test-method> <!-- setUpClass -->
        <test-method signature="runScenario(io.cucumber.testng.PickleWrapper,io.cucumber.testng.FeatureWrapper)[pri:0, instance:MyRunner.TestRunner@4d02f94e]" started-at="2021-10-07T20:21:57 IST" name="runScenario" description="Runs Cucumber Scenarios" data-provider="scenarios" finished-at="2021-10-07T20:22:17 IST" duration-ms="19676" status="PASS">
          <params>
            <param index="0">
              <value>
                <![CDATA["Login Functionality with scenatio outline"]]>
              </value>
            </param>
            <param index="1">
              <value>
                <![CDATA["Optional[Orange HRM]"]]>
              </value>
            </param>
          </params>
          <reporter-output>
          </reporter-output>
        </test-method> <!-- runScenario -->
        <test-method signature="runScenario(io.cucumber.testng.PickleWrapper,io.cucumber.testng.FeatureWrapper)[pri:0, instance:MyRunner.TestRunner@4d02f94e]" started-at="2021-10-07T20:22:17 IST" name="runScenario" description="Runs Cucumber Scenarios" data-provider="scenarios" finished-at="2021-10-07T20:22:32 IST" duration-ms="15121" status="PASS">
          <params>
            <param index="0">
              <value>
                <![CDATA["Login Functionality with scenatio outline"]]>
              </value>
            </param>
            <param index="1">
              <value>
                <![CDATA["Optional[Orange HRM]"]]>
              </value>
            </param>
          </params>
          <reporter-output>
          </reporter-output>
        </test-method> <!-- runScenario -->
        <test-method signature="runScenario(io.cucumber.testng.PickleWrapper,io.cucumber.testng.FeatureWrapper)[pri:0, instance:MyRunner.TestRunner@4d02f94e]" started-at="2021-10-07T20:22:32 IST" name="runScenario" description="Runs Cucumber Scenarios" data-provider="scenarios" finished-at="2021-10-07T20:22:50 IST" duration-ms="17757" status="PASS">
          <params>
            <param index="0">
              <value>
                <![CDATA["Login Functionality with scenatio outline"]]>
              </value>
            </param>
            <param index="1">
              <value>
                <![CDATA["Optional[Orange HRM]"]]>
              </value>
            </param>
          </params>
          <reporter-output>
          </reporter-output>
        </test-method> <!-- runScenario -->
        <test-method is-config="true" signature="tearDownClass()[pri:0, instance:MyRunner.TestRunner@4d02f94e]" started-at="2021-10-07T20:22:50 IST" name="tearDownClass" finished-at="2021-10-07T20:22:50 IST" duration-ms="263" status="PASS">
          <reporter-output>
          </reporter-output>
        </test-method> <!-- tearDownClass -->
      </class> <!-- MyRunner.TestRunner -->
    </test> <!-- Test -->
  </suite> <!-- Suite -->
</testng-results>
